This is pdfTeX, Version 3.1415926-2.5-1.40.14 (MiKTeX 2.9) (preloaded format=pdflatex 2015.1.17)  15 APR 2016 08:48
entering extended mode
**Project2.tex
(D:\Backup16GB\Spring2016\Propulsion\Project2\Code\Paper\Project2.tex
LaTeX2e <2011/06/27>
Babel <v3.8m> and hyphenation patterns for english, afrikaans, ancientgreek, ar
abic, armenian, assamese, basque, bengali, bokmal, bulgarian, catalan, coptic, 
croatian, czech, danish, dutch, esperanto, estonian, farsi, finnish, french, ga
lician, german, german-x-2013-05-26, greek, gujarati, hindi, hungarian, iceland
ic, indonesian, interlingua, irish, italian, kannada, kurmanji, latin, latvian,
 lithuanian, malayalam, marathi, mongolian, mongolianlmc, monogreek, ngerman, n
german-x-2013-05-26, nynorsk, oriya, panjabi, pinyin, polish, portuguese, roman
ian, russian, sanskrit, serbian, slovak, slovenian, spanish, swedish, swissgerm
an, tamil, telugu, turkish, turkmen, ukenglish, ukrainian, uppersorbian, usengl
ishmax, welsh, loaded.
(D:\Backup16GB\Spring2016\Propulsion\Project2\Code\Paper\asme2e.cls
Document Class: asme2e 2001/2/14 v2.0 Standard LaTeX document class
("C:\Program Files\MiKTeX 2.9\tex\latex\base\ifthen.sty"
Package: ifthen 2001/05/26 v1.1c Standard LaTeX ifthen package (DPC)
)
("C:\Program Files\MiKTeX 2.9\tex\latex\psnfss\times.sty"
Package: times 2005/04/12 PSNFSS-v9.2a (SPQR) 
)
("C:\Program Files\MiKTeX 2.9\tex\latex\psnfss\mathptmx.sty"
Package: mathptmx 2005/04/12 PSNFSS-v9.2a Times w/ Math, improved (SPQR, WaS) 
LaTeX Font Info:    Redeclaring symbol font `operators' on input line 28.
LaTeX Font Info:    Overwriting symbol font `operators' in version `normal'
(Font)                  OT1/cmr/m/n --> OT1/ztmcm/m/n on input line 28.
LaTeX Font Info:    Overwriting symbol font `operators' in version `bold'
(Font)                  OT1/cmr/bx/n --> OT1/ztmcm/m/n on input line 28.
LaTeX Font Info:    Redeclaring symbol font `letters' on input line 29.
LaTeX Font Info:    Overwriting symbol font `letters' in version `normal'
(Font)                  OML/cmm/m/it --> OML/ztmcm/m/it on input line 29.
LaTeX Font Info:    Overwriting symbol font `letters' in version `bold'
(Font)                  OML/cmm/b/it --> OML/ztmcm/m/it on input line 29.
LaTeX Font Info:    Redeclaring symbol font `symbols' on input line 30.
LaTeX Font Info:    Overwriting symbol font `symbols' in version `normal'
(Font)                  OMS/cmsy/m/n --> OMS/ztmcm/m/n on input line 30.
LaTeX Font Info:    Overwriting symbol font `symbols' in version `bold'
(Font)                  OMS/cmsy/b/n --> OMS/ztmcm/m/n on input line 30.
LaTeX Font Info:    Redeclaring symbol font `largesymbols' on input line 31.
LaTeX Font Info:    Overwriting symbol font `largesymbols' in version `normal'
(Font)                  OMX/cmex/m/n --> OMX/ztmcm/m/n on input line 31.
LaTeX Font Info:    Overwriting symbol font `largesymbols' in version `bold'
(Font)                  OMX/cmex/m/n --> OMX/ztmcm/m/n on input line 31.
\symbold=\mathgroup4
\symitalic=\mathgroup5
LaTeX Font Info:    Redeclaring math alphabet \mathbf on input line 34.
LaTeX Font Info:    Overwriting math alphabet `\mathbf' in version `normal'
(Font)                  OT1/cmr/bx/n --> OT1/ptm/bx/n on input line 34.
LaTeX Font Info:    Overwriting math alphabet `\mathbf' in version `bold'
(Font)                  OT1/cmr/bx/n --> OT1/ptm/bx/n on input line 34.
LaTeX Font Info:    Redeclaring math alphabet \mathit on input line 35.
LaTeX Font Info:    Overwriting math alphabet `\mathit' in version `normal'
(Font)                  OT1/cmr/m/it --> OT1/ptm/m/it on input line 35.
LaTeX Font Info:    Overwriting math alphabet `\mathit' in version `bold'
(Font)                  OT1/cmr/bx/it --> OT1/ptm/m/it on input line 35.
LaTeX Info: Redefining \hbar on input line 50.
)
("C:\Program Files\MiKTeX 2.9\tex\generic\oberdiek\ifpdf.sty"
Package: ifpdf 2011/01/30 v2.3 Provides the ifpdf switch (HO)
Package ifpdf Info: pdfTeX in PDF mode is detected.
)
Ten Point
LaTeX Font Info:    Try loading font information for OT1+phv on input line 308.

("C:\Program Files\MiKTeX 2.9\tex\latex\psnfss\ot1phv.fd"
File: ot1phv.fd 2001/06/04 scalable font definitions for OT1/phv.
)
\c@part=\count79
\c@section=\count80
\c@subsection=\count81
\c@subsubsection=\count82
\c@paragraph=\count83
\c@subparagraph=\count84
\tempbox=\box26
\c@figure=\count85
\c@table=\count86
\@authcnt=\count87
\@tmpcnt=\count88
\bibindent=\dimen102
\tempbox=\box27
\tminute=\count89
\thour=\count90
)
("C:\Program Files\MiKTeX 2.9\tex\latex\listings\listings.sty"
("C:\Program Files\MiKTeX 2.9\tex\latex\graphics\keyval.sty"
Package: keyval 1999/03/16 v1.13 key=value parser (DPC)
\KV@toks@=\toks14
)
\lst@mode=\count91
\lst@gtempboxa=\box28
\lst@token=\toks15
\lst@length=\count92
\lst@currlwidth=\dimen103
\lst@column=\count93
\lst@pos=\count94
\lst@lostspace=\dimen104
\lst@width=\dimen105
\lst@newlines=\count95
\lst@lineno=\count96
\abovecaptionskip=\skip41
\belowcaptionskip=\skip42
\lst@maxwidth=\dimen106

("C:\Program Files\MiKTeX 2.9\tex\latex\listings\lstmisc.sty"
File: lstmisc.sty 2014/09/06 1.5e (Carsten Heinz)
\c@lstnumber=\count97
\lst@skipnumbers=\count98
\lst@framebox=\box29
)
("C:\Program Files\MiKTeX 2.9\tex\latex\listings\listings.cfg"
File: listings.cfg 2014/09/06 1.5e listings configuration
))
Package: listings 2014/09/06 1.5e (Carsten Heinz)

("C:\Program Files\MiKTeX 2.9\tex\latex\graphics\graphicx.sty"
Package: graphicx 1999/02/16 v1.0f Enhanced LaTeX Graphics (DPC,SPQR)

("C:\Program Files\MiKTeX 2.9\tex\latex\graphics\graphics.sty"
Package: graphics 2009/02/05 v1.0o Standard LaTeX Graphics (DPC,SPQR)

("C:\Program Files\MiKTeX 2.9\tex\latex\graphics\trig.sty"
Package: trig 1999/03/16 v1.09 sin cos tan (DPC)
)
("C:\Program Files\MiKTeX 2.9\tex\latex\00miktex\graphics.cfg"
File: graphics.cfg 2007/01/18 v1.5 graphics configuration of teTeX/TeXLive
)
Package graphics Info: Driver file: pdftex.def on input line 91.

("C:\Program Files\MiKTeX 2.9\tex\latex\pdftex-def\pdftex.def"
File: pdftex.def 2011/05/27 v0.06d Graphics/color for pdfTeX

("C:\Program Files\MiKTeX 2.9\tex\generic\oberdiek\infwarerr.sty"
Package: infwarerr 2010/04/08 v1.3 Providing info/warning/error messages (HO)
)
("C:\Program Files\MiKTeX 2.9\tex\generic\oberdiek\ltxcmds.sty"
Package: ltxcmds 2011/11/09 v1.22 LaTeX kernel commands for general use (HO)
)
\Gread@gobject=\count99
))
\Gin@req@height=\dimen107
\Gin@req@width=\dimen108
)
("C:\Program Files\MiKTeX 2.9\tex\latex\amsmath\amsmath.sty"
Package: amsmath 2013/01/14 v2.14 AMS math features
\@mathmargin=\skip43

For additional information on amsmath, use the `?' option.
("C:\Program Files\MiKTeX 2.9\tex\latex\amsmath\amstext.sty"
Package: amstext 2000/06/29 v2.01

("C:\Program Files\MiKTeX 2.9\tex\latex\amsmath\amsgen.sty"
File: amsgen.sty 1999/11/30 v2.0
\@emptytoks=\toks16
\ex@=\dimen109
))
("C:\Program Files\MiKTeX 2.9\tex\latex\amsmath\amsbsy.sty"
Package: amsbsy 1999/11/29 v1.2d
\pmbraise@=\dimen110
)
("C:\Program Files\MiKTeX 2.9\tex\latex\amsmath\amsopn.sty"
Package: amsopn 1999/12/14 v2.01 operator names
)
\inf@bad=\count100
LaTeX Info: Redefining \frac on input line 210.
\uproot@=\count101
\leftroot@=\count102
LaTeX Info: Redefining \overline on input line 306.
\classnum@=\count103
\DOTSCASE@=\count104
LaTeX Info: Redefining \ldots on input line 378.
LaTeX Info: Redefining \dots on input line 381.
LaTeX Info: Redefining \cdots on input line 466.
\Mathstrutbox@=\box30
\strutbox@=\box31
\big@size=\dimen111
LaTeX Font Info:    Redeclaring font encoding OML on input line 566.
LaTeX Font Info:    Redeclaring font encoding OMS on input line 567.
\macc@depth=\count105
\c@MaxMatrixCols=\count106
\dotsspace@=\muskip10
\c@parentequation=\count107
\dspbrk@lvl=\count108
\tag@help=\toks17
\row@=\count109
\column@=\count110
\maxfields@=\count111
\andhelp@=\toks18
\eqnshift@=\dimen112
\alignsep@=\dimen113
\tagshift@=\dimen114
\tagwidth@=\dimen115
\totwidth@=\dimen116
\lineht@=\dimen117
\@envbody=\toks19
\multlinegap=\skip44
\multlinetaggap=\skip45
\mathdisplay@stack=\toks20
LaTeX Info: Redefining \[ on input line 2665.
LaTeX Info: Redefining \] on input line 2666.
)
("C:\Program Files\MiKTeX 2.9\tex\latex\hyperref\hyperref.sty"
Package: hyperref 2012/11/06 v6.83m Hypertext links for LaTeX

("C:\Program Files\MiKTeX 2.9\tex\generic\oberdiek\hobsub-hyperref.sty"
Package: hobsub-hyperref 2012/04/25 v1.12 Bundle oberdiek, subset hyperref (HO)


("C:\Program Files\MiKTeX 2.9\tex\generic\oberdiek\hobsub-generic.sty"
Package: hobsub-generic 2012/04/25 v1.12 Bundle oberdiek, subset generic (HO)
Package: hobsub 2012/04/25 v1.12 Construct package bundles (HO)
Package hobsub Info: Skipping package `infwarerr' (already loaded).
Package hobsub Info: Skipping package `ltxcmds' (already loaded).
Package: ifluatex 2010/03/01 v1.3 Provides the ifluatex switch (HO)
Package ifluatex Info: LuaTeX not detected.
Package: ifvtex 2010/03/01 v1.5 Detect VTeX and its facilities (HO)
Package ifvtex Info: VTeX not detected.
Package: intcalc 2007/09/27 v1.1 Expandable calculations with integers (HO)
Package hobsub Info: Skipping package `ifpdf' (already loaded).
Package: etexcmds 2011/02/16 v1.5 Avoid name clashes with e-TeX commands (HO)
Package etexcmds Info: Could not find \expanded.
(etexcmds)             That can mean that you are not using pdfTeX 1.50 or
(etexcmds)             that some package has redefined \expanded.
(etexcmds)             In the latter case, load this package earlier.
Package: kvsetkeys 2012/04/25 v1.16 Key value parser (HO)
Package: kvdefinekeys 2011/04/07 v1.3 Define keys (HO)
Package: pdftexcmds 2011/11/29 v0.20 Utility functions of pdfTeX for LuaTeX (HO
)
Package pdftexcmds Info: LuaTeX not detected.
Package pdftexcmds Info: \pdf@primitive is available.
Package pdftexcmds Info: \pdf@ifprimitive is available.
Package pdftexcmds Info: \pdfdraftmode found.
Package: pdfescape 2011/11/25 v1.13 Implements pdfTeX's escape features (HO)
Package: bigintcalc 2012/04/08 v1.3 Expandable calculations on big integers (HO
)
Package: bitset 2011/01/30 v1.1 Handle bit-vector datatype (HO)
Package: uniquecounter 2011/01/30 v1.2 Provide unlimited unique counter (HO)
)
Package hobsub Info: Skipping package `hobsub' (already loaded).
Package: letltxmacro 2010/09/02 v1.4 Let assignment for LaTeX macros (HO)
Package: hopatch 2011/06/24 v1.1 Wrapper for package hooks (HO)
Package: xcolor-patch 2011/01/30 xcolor patch
Package: atveryend 2011/06/30 v1.8 Hooks at the very end of document (HO)
Package atveryend Info: \enddocument detected (standard20110627).
Package: atbegshi 2011/10/05 v1.16 At begin shipout hook (HO)
Package: refcount 2011/10/16 v3.4 Data extraction from label references (HO)
Package: hycolor 2011/01/30 v1.7 Color options for hyperref/bookmark (HO)
)
("C:\Program Files\MiKTeX 2.9\tex\generic\ifxetex\ifxetex.sty"
Package: ifxetex 2010/09/12 v0.6 Provides ifxetex conditional
)
("C:\Program Files\MiKTeX 2.9\tex\latex\oberdiek\auxhook.sty"
Package: auxhook 2011/03/04 v1.3 Hooks for auxiliary files (HO)
)
("C:\Program Files\MiKTeX 2.9\tex\latex\oberdiek\kvoptions.sty"
Package: kvoptions 2011/06/30 v3.11 Key value format for package options (HO)
)
\@linkdim=\dimen118
\Hy@linkcounter=\count112
\Hy@pagecounter=\count113

("C:\Program Files\MiKTeX 2.9\tex\latex\hyperref\pd1enc.def"
File: pd1enc.def 2012/11/06 v6.83m Hyperref: PDFDocEncoding definition (HO)
)
\Hy@SavedSpaceFactor=\count114

("C:\Program Files\MiKTeX 2.9\tex\latex\00miktex\hyperref.cfg"
File: hyperref.cfg 2002/06/06 v1.2 hyperref configuration of TeXLive
)
Package hyperref Info: Hyper figures OFF on input line 4443.
Package hyperref Info: Link nesting OFF on input line 4448.
Package hyperref Info: Hyper index ON on input line 4451.
Package hyperref Info: Plain pages OFF on input line 4458.
Package hyperref Info: Backreferencing OFF on input line 4463.
Package hyperref Info: Implicit mode ON; LaTeX internals redefined.
Package hyperref Info: Bookmarks ON on input line 4688.
\c@Hy@tempcnt=\count115

("C:\Program Files\MiKTeX 2.9\tex\latex\url\url.sty"
\Urlmuskip=\muskip11
Package: url 2013/09/16  ver 3.4  Verb mode for urls, etc.
)
LaTeX Info: Redefining \url on input line 5041.
\XeTeXLinkMargin=\dimen119
\Fld@menulength=\count116
\Field@Width=\dimen120
\Fld@charsize=\dimen121
Package hyperref Info: Hyper figures OFF on input line 6295.
Package hyperref Info: Link nesting OFF on input line 6300.
Package hyperref Info: Hyper index ON on input line 6303.
Package hyperref Info: backreferencing OFF on input line 6310.
Package hyperref Info: Link coloring OFF on input line 6315.
Package hyperref Info: Link coloring with OCG OFF on input line 6320.
Package hyperref Info: PDF/A mode OFF on input line 6325.
LaTeX Info: Redefining \ref on input line 6365.
LaTeX Info: Redefining \pageref on input line 6369.
\Hy@abspage=\count117
\c@Item=\count118
\c@Hfootnote=\count119
)

Package hyperref Message: Driver (autodetected): hpdftex.

("C:\Program Files\MiKTeX 2.9\tex\latex\hyperref\hpdftex.def"
File: hpdftex.def 2012/11/06 v6.83m Hyperref driver for pdfTeX
\Fld@listcount=\count120
\c@bookmark@seq@number=\count121

("C:\Program Files\MiKTeX 2.9\tex\latex\oberdiek\rerunfilecheck.sty"
Package: rerunfilecheck 2011/04/15 v1.7 Rerun checks for auxiliary files (HO)
Package uniquecounter Info: New unique counter `rerunfilecheck' on input line 2
82.
)
\Hy@SectionHShift=\skip46
)
(D:\Backup16GB\Spring2016\Propulsion\Project2\Code\Paper\Project2.aux)
LaTeX Font Info:    Checking defaults for OML/cmm/m/it on input line 59.
LaTeX Font Info:    ... okay on input line 59.
LaTeX Font Info:    Checking defaults for T1/cmr/m/n on input line 59.
LaTeX Font Info:    ... okay on input line 59.
LaTeX Font Info:    Checking defaults for OT1/cmr/m/n on input line 59.
LaTeX Font Info:    ... okay on input line 59.
LaTeX Font Info:    Checking defaults for OMS/cmsy/m/n on input line 59.
LaTeX Font Info:    ... okay on input line 59.
LaTeX Font Info:    Checking defaults for OMX/cmex/m/n on input line 59.
LaTeX Font Info:    ... okay on input line 59.
LaTeX Font Info:    Checking defaults for U/cmr/m/n on input line 59.
LaTeX Font Info:    ... okay on input line 59.
LaTeX Font Info:    Checking defaults for PD1/pdf/m/n on input line 59.
LaTeX Font Info:    ... okay on input line 59.
LaTeX Font Info:    Try loading font information for OT1+ptm on input line 59.

("C:\Program Files\MiKTeX 2.9\tex\latex\psnfss\ot1ptm.fd"
File: ot1ptm.fd 2001/06/04 font definitions for OT1/ptm.
)
\c@lstlisting=\count122

("C:\Program Files\MiKTeX 2.9\tex\context\base\supp-pdf.mkii"
[Loading MPS to PDF converter (version 2006.09.02).]
\scratchcounter=\count123
\scratchdimen=\dimen122
\scratchbox=\box32
\nofMPsegments=\count124
\nofMParguments=\count125
\everyMPshowfont=\toks21
\MPscratchCnt=\count126
\MPscratchDim=\dimen123
\MPnumerator=\count127
\makeMPintoPDFobject=\count128
\everyMPtoPDFconversion=\toks22
)
\AtBeginShipoutBox=\box33
Package hyperref Info: Link coloring OFF on input line 59.
 ("C:\Program Files\MiKTeX 2.9\tex\latex\hyperref\nameref.sty"
Package: nameref 2012/10/27 v2.43 Cross-referencing by name of section

("C:\Program Files\MiKTeX 2.9\tex\generic\oberdiek\gettitlestring.sty"
Package: gettitlestring 2010/12/03 v1.4 Cleanup title references (HO)
)
\c@section@level=\count129
)
LaTeX Info: Redefining \ref on input line 59.
LaTeX Info: Redefining \pageref on input line 59.
LaTeX Info: Redefining \nameref on input line 59.

(D:\Backup16GB\Spring2016\Propulsion\Project2\Code\Paper\Project2.out)
(D:\Backup16GB\Spring2016\Propulsion\Project2\Code\Paper\Project2.out)
\@outlinefile=\write3
LaTeX Font Info:    Try loading font information for OT1+ztmcm on input line 62
.

("C:\Program Files\MiKTeX 2.9\tex\latex\psnfss\ot1ztmcm.fd"
File: ot1ztmcm.fd 2000/01/03 Fontinst v1.801 font definitions for OT1/ztmcm.
)
LaTeX Font Info:    Try loading font information for OML+ztmcm on input line 62
.

("C:\Program Files\MiKTeX 2.9\tex\latex\psnfss\omlztmcm.fd"
File: omlztmcm.fd 2000/01/03 Fontinst v1.801 font definitions for OML/ztmcm.
)
LaTeX Font Info:    Try loading font information for OMS+ztmcm on input line 62
.

("C:\Program Files\MiKTeX 2.9\tex\latex\psnfss\omsztmcm.fd"
File: omsztmcm.fd 2000/01/03 Fontinst v1.801 font definitions for OMS/ztmcm.
)
LaTeX Font Info:    Try loading font information for OMX+ztmcm on input line 62
.

("C:\Program Files\MiKTeX 2.9\tex\latex\psnfss\omxztmcm.fd"
File: omxztmcm.fd 2000/01/03 Fontinst v1.801 font definitions for OMX/ztmcm.
)
LaTeX Font Info:    Font shape `OT1/ptm/bx/n' in size <10> not available
(Font)              Font shape `OT1/ptm/b/n' tried instead on input line 62.
LaTeX Font Info:    Font shape `OT1/ptm/bx/n' in size <7.4> not available
(Font)              Font shape `OT1/ptm/b/n' tried instead on input line 62.
LaTeX Font Info:    Font shape `OT1/ptm/bx/n' in size <6> not available
(Font)              Font shape `OT1/ptm/b/n' tried instead on input line 62.

Underfull \hbox (badness 10000) detected at line 62
[]
 []

(D:\Backup16GB\Spring2016\Propulsion\Project2\Code\Paper\Project2.toc)
\tf@toc=\write4

Underfull \vbox (badness 10000) has occurred while \output is active []

 [1{C:/ProgramData/MiKTeX/2.9/pdftex/config/pdftex.map}


Non-PDF special ignored!

]
<../python_stuff/Part1/P0_dot.png, id=60, 292.6935pt x 294.1389pt>
File: ../python_stuff/Part1/P0_dot.png Graphic file (type png)

<use ../python_stuff/Part1/P0_dot.png>
Package pdftex.def Info: ../python_stuff/Part1/P0_dot.png used on input line 15
1.
(pdftex.def)             Requested size: 257.46187pt x 258.7353pt.

Overfull \hbox (18.06749pt too wide) in paragraph at lines 151--152
[][] 
 []

<../python_stuff/Part1/r_dot.png, id=62, 310.0383pt x 287.6346pt>
File: ../python_stuff/Part1/r_dot.png Graphic file (type png)

<use ../python_stuff/Part1/r_dot.png>
Package pdftex.def Info: ../python_stuff/Part1/r_dot.png used on input line 153
.
(pdftex.def)             Requested size: 257.46187pt x 238.85953pt.

Overfull \hbox (18.06749pt too wide) in paragraph at lines 153--154
[][] 
 []

<../python_stuff/Part1/P0.png, id=63, 295.5843pt x 287.6346pt>
File: ../python_stuff/Part1/P0.png Graphic file (type png)

<use ../python_stuff/Part1/P0.png>
Package pdftex.def Info: ../python_stuff/Part1/P0.png used on input line 155.
(pdftex.def)             Requested size: 257.46187pt x 250.55168pt.

Overfull \hbox (18.06749pt too wide) in paragraph at lines 155--156
[][] 
 []

<../python_stuff/Part1/r.png, id=64, 301.3659pt x 287.6346pt>
Underfull \vbox (badness 10000) has occurred while \output is active []

 [2 <D:/Backup16GB/Spring2016/Propulsion/Project2/Code/python_stuff/Part1/P0_do
t.png> <D:/Backup16GB/Spring2016/Propulsion/Project2/Code/python_stuff/Part1/r_
dot.png>]
File: ../python_stuff/Part1/r.png Graphic file (type png)

<use ../python_stuff/Part1/r.png>
Package pdftex.def Info: ../python_stuff/Part1/r.png used on input line 157.
(pdftex.def)             Requested size: 257.46187pt x 245.74579pt.

Overfull \hbox (18.06749pt too wide) in paragraph at lines 157--158
[][] 
 []

<../python_stuff/Part1/BurnArea.png, id=72, 315.0972pt x 287.6346pt>
File: ../python_stuff/Part1/BurnArea.png Graphic file (type png)

<use ../python_stuff/Part1/BurnArea.png>
Package pdftex.def Info: ../python_stuff/Part1/BurnArea.png used on input line 
159.
(pdftex.def)             Requested size: 257.46187pt x 235.02359pt.

Overfull \hbox (18.06749pt too wide) in paragraph at lines 159--160
[][] 
 []

<../python_stuff/Part1/PropMass.png, id=73, 308.5929pt x 287.6346pt>
Underfull \vbox (badness 10000) has occurred while \output is active []

File: ../python_stuff/Part1/PropMass.png Graphic file (type png)

<use ../python_stuff/Part1/PropMass.png>
Package pdftex.def Info: ../python_stuff/Part1/PropMass.png used on input line 
161.
(pdftex.def)             Requested size: 257.46187pt x 239.99626pt.

Overfull \hbox (18.06749pt too wide) in paragraph at lines 161--162
[][] 
 []

<../python_stuff/Part1/MassFlows.png, id=74, 307.1475pt x 287.6346pt>
File: ../python_stuff/Part1/MassFlows.png Graphic file (type png)

<use ../python_stuff/Part1/MassFlows.png>
Package pdftex.def Info: ../python_stuff/Part1/MassFlows.png used on input line
 163.
(pdftex.def)             Requested size: 257.46187pt x 241.11984pt.

Overfull \hbox (18.06749pt too wide) in paragraph at lines 163--164
[][] 
 []

<../python_stuff/Part1/PortMach.png, id=75, 299.1978pt x 287.6346pt>
Underfull \vbox (badness 10000) has occurred while \output is active []

 [3 <D:/Backup16GB/Spring2016/Propulsion/Project2/Code/python_stuff/Part1/P0.pn
g> <D:/Backup16GB/Spring2016/Propulsion/Project2/Code/python_stuff/Part1/r.png>
 <D:/Backup16GB/Spring2016/Propulsion/Project2/Code/python_stuff/Part1/BurnArea
.png> <D:/Backup16GB/Spring2016/Propulsion/Project2/Code/python_stuff/Part1/Pro
pMass.png>]
File: ../python_stuff/Part1/PortMach.png Graphic file (type png)
<use ../python_stuff/Part1/PortMach.png>
Package pdftex.def Info: ../python_stuff/Part1/PortMach.png used on input line 
165.
(pdftex.def)             Requested size: 257.46187pt x 247.51892pt.

Overfull \hbox (18.06749pt too wide) in paragraph at lines 165--166
[][] 
 []

<../python_stuff/Part1/NozzMach.png, id=84, 306.4248pt x 287.6346pt>
File: ../python_stuff/Part1/NozzMach.png Graphic file (type png)

<use ../python_stuff/Part1/NozzMach.png>
Package pdftex.def Info: ../python_stuff/Part1/NozzMach.png used on input line 
167.
(pdftex.def)             Requested size: 257.46187pt x 241.686pt.

Overfull \hbox (18.06749pt too wide) in paragraph at lines 167--168
[][] 
 []

<../python_stuff/Part1/Thrust.png, id=85, 287.6346pt x 287.6346pt>
Underfull \vbox (badness 10000) has occurred while \output is active []

File: ../python_stuff/Part1/Thrust.png Graphic file (type png)

<use ../python_stuff/Part1/Thrust.png>
Package pdftex.def Info: ../python_stuff/Part1/Thrust.png used on input line 16
9.
(pdftex.def)             Requested size: 257.46187pt x 257.46866pt.

Overfull \hbox (18.06749pt too wide) in paragraph at lines 169--170
[][] 
 []

<../python_stuff/Part1/Isp.png, id=86, 281.853pt x 294.1389pt>
File: ../python_stuff/Part1/Isp.png Graphic file (type png)

<use ../python_stuff/Part1/Isp.png>
Package pdftex.def Info: ../python_stuff/Part1/Isp.png used on input line 171.
(pdftex.def)             Requested size: 257.46187pt x 268.69011pt.

Overfull \hbox (18.06749pt too wide) in paragraph at lines 171--172
[][] 
 []


Underfull \vbox (badness 10000) has occurred while \output is active []

 [4 <D:/Backup16GB/Spring2016/Propulsion/Project2/Code/python_stuff/Part1/MassF
lows.png> <D:/Backup16GB/Spring2016/Propulsion/Project2/Code/python_stuff/Part1
/PortMach.png> <D:/Backup16GB/Spring2016/Propulsion/Project2/Code/python_stuff/
Part1/NozzMach.png> <D:/Backup16GB/Spring2016/Propulsion/Project2/Code/python_s
tuff/Part1/Thrust.png>]
<../python_stuff/Part2/P0_dot.png, id=95, 302.0886pt x 294.1389pt>
File: ../python_stuff/Part2/P0_dot.png Graphic file (type png)

<use ../python_stuff/Part2/P0_dot.png>
Package pdftex.def Info: ../python_stuff/Part2/P0_dot.png used on input line 18
0.
(pdftex.def)             Requested size: 257.46187pt x 250.70592pt.

Overfull \hbox (18.06749pt too wide) in paragraph at lines 180--181
[][] 
 []

<../python_stuff/Part2/r_dot.png, id=96, 310.0383pt x 287.6346pt>
File: ../python_stuff/Part2/r_dot.png Graphic file (type png)

<use ../python_stuff/Part2/r_dot.png>
Package pdftex.def Info: ../python_stuff/Part2/r_dot.png used on input line 182
.
(pdftex.def)             Requested size: 257.46187pt x 238.85953pt.

Overfull \hbox (18.06749pt too wide) in paragraph at lines 182--183
[][] 
 []

<../python_stuff/Part2/P0.png, id=97, 304.9794pt x 287.6346pt>
Underfull \vbox (badness 10000) has occurred while \output is active []

File: ../python_stuff/Part2/P0.png Graphic file (type png)

<use ../python_stuff/Part2/P0.png>
Package pdftex.def Info: ../python_stuff/Part2/P0.png used on input line 184.
(pdftex.def)             Requested size: 257.46187pt x 242.82713pt.

Overfull \hbox (18.06749pt too wide) in paragraph at lines 184--185
[][] 
 []

<../python_stuff/Part2/r.png, id=98, 301.3659pt x 287.6346pt>
File: ../python_stuff/Part2/r.png Graphic file (type png)

<use ../python_stuff/Part2/r.png>
Package pdftex.def Info: ../python_stuff/Part2/r.png used on input line 186.
(pdftex.def)             Requested size: 257.46187pt x 245.74579pt.

Overfull \hbox (18.06749pt too wide) in paragraph at lines 186--187
[][] 
 []

<../python_stuff/Part2/BurnArea.png, id=99, 317.2653pt x 287.6346pt>
Underfull \vbox (badness 10000) has occurred while \output is active []

 [5 <D:/Backup16GB/Spring2016/Propulsion/Project2/Code/python_stuff/Part1/Isp.p
ng> <D:/Backup16GB/Spring2016/Propulsion/Project2/Code/python_stuff/Part2/P0_do
t.png> <D:/Backup16GB/Spring2016/Propulsion/Project2/Code/python_stuff/Part2/r_
dot.png> <D:/Backup16GB/Spring2016/Propulsion/Project2/Code/python_stuff/Part2/
P0.png>]
File: ../python_stuff/Part2/BurnArea.png Graphic file (type png)

<use ../python_stuff/Part2/BurnArea.png>
Package pdftex.def Info: ../python_stuff/Part2/BurnArea.png used on input line 
188.
(pdftex.def)             Requested size: 257.46187pt x 233.42601pt.

Overfull \hbox (18.06749pt too wide) in paragraph at lines 188--189
[][] 
 []

<../python_stuff/Part2/PropMass.png, id=108, 308.5929pt x 287.6346pt>
File: ../python_stuff/Part2/PropMass.png Graphic file (type png)

<use ../python_stuff/Part2/PropMass.png>
Package pdftex.def Info: ../python_stuff/Part2/PropMass.png used on input line 
190.
(pdftex.def)             Requested size: 257.46187pt x 239.99626pt.

Overfull \hbox (18.06749pt too wide) in paragraph at lines 190--191
[][] 
 []

<../python_stuff/Part2/MassFlows.png, id=109, 309.3156pt x 287.6346pt>
Underfull \vbox (badness 10000) has occurred while \output is active []

File: ../python_stuff/Part2/MassFlows.png Graphic file (type png)

<use ../python_stuff/Part2/MassFlows.png>
Package pdftex.def Info: ../python_stuff/Part2/MassFlows.png used on input line
 192.
(pdftex.def)             Requested size: 257.46187pt x 239.41693pt.

Overfull \hbox (18.06749pt too wide) in paragraph at lines 192--193
[][] 
 []

<../python_stuff/Part2/PortMach.png, id=110, 291.2481pt x 287.6346pt>
File: ../python_stuff/Part2/PortMach.png Graphic file (type png)

<use ../python_stuff/Part2/PortMach.png>
Package pdftex.def Info: ../python_stuff/Part2/PortMach.png used on input line 
194.
(pdftex.def)             Requested size: 257.46187pt x 254.29106pt.

Overfull \hbox (18.06749pt too wide) in paragraph at lines 194--195
[][] 
 []

<../python_stuff/Part2/NozzMach.png, id=111, 306.4248pt x 287.6346pt>
Underfull \vbox (badness 10000) has occurred while \output is active []

 [6 <D:/Backup16GB/Spring2016/Propulsion/Project2/Code/python_stuff/Part2/r.png
> <D:/Backup16GB/Spring2016/Propulsion/Project2/Code/python_stuff/Part2/BurnAre
a.png> <D:/Backup16GB/Spring2016/Propulsion/Project2/Code/python_stuff/Part2/Pr
opMass.png> <D:/Backup16GB/Spring2016/Propulsion/Project2/Code/python_stuff/Par
t2/MassFlows.png>]
File: ../python_stuff/Part2/NozzMach.png Graphic file (type png)
 <use ../python_stuff/Part2/NozzMach.png>
Package pdftex.def Info: ../python_stuff/Part2/NozzMach.png used on input line 
196.
(pdftex.def)             Requested size: 257.46187pt x 241.686pt.

Overfull \hbox (18.06749pt too wide) in paragraph at lines 196--197
[][] 
 []

<../python_stuff/Part2/Thrust.png, id=120, 297.0297pt x 287.6346pt>
File: ../python_stuff/Part2/Thrust.png Graphic file (type png)

<use ../python_stuff/Part2/Thrust.png>
Package pdftex.def Info: ../python_stuff/Part2/Thrust.png used on input line 19
8.
(pdftex.def)             Requested size: 257.46187pt x 249.34033pt.

Overfull \hbox (18.06749pt too wide) in paragraph at lines 198--199
[][] 
 []

<../python_stuff/Part2/Isp.png, id=121, 281.853pt x 294.1389pt>
Underfull \vbox (badness 10000) has occurred while \output is active []

File: ../python_stuff/Part2/Isp.png Graphic file (type png)

<use ../python_stuff/Part2/Isp.png>
Package pdftex.def Info: ../python_stuff/Part2/Isp.png used on input line 200.
(pdftex.def)             Requested size: 257.46187pt x 268.69011pt.

Overfull \hbox (18.06749pt too wide) in paragraph at lines 200--201
[][] 
 []

[7 <D:/Backup16GB/Spring2016/Propulsion/Project2/Code/python_stuff/Part2/PortMa
ch.png> <D:/Backup16GB/Spring2016/Propulsion/Project2/Code/python_stuff/Part2/N
ozzMach.png> <D:/Backup16GB/Spring2016/Propulsion/Project2/Code/python_stuff/Pa
rt2/Thrust.png> <D:/Backup16GB/Spring2016/Propulsion/Project2/Code/python_stuff
/Part2/Isp.png>]
File: ../python_stuff/Part2/P0.png Graphic file (type png)
 <use ../python_stuff/Part2/P0.png>
Package pdftex.def Info: ../python_stuff/Part2/P0.png used on input line 210.
(pdftex.def)             Requested size: 257.46187pt x 242.82713pt.

Overfull \hbox (18.06749pt too wide) in paragraph at lines 210--211
[][] 
 []

<../python_stuff/Part2_flameTemp/P0.png, id=131, 304.9794pt x 287.6346pt>
File: ../python_stuff/Part2_flameTemp/P0.png Graphic file (type png)

<use ../python_stuff/Part2_flameTemp/P0.png>
Package pdftex.def Info: ../python_stuff/Part2_flameTemp/P0.png used on input l
ine 214.
(pdftex.def)             Requested size: 257.46187pt x 242.82713pt.

Overfull \hbox (18.06749pt too wide) in paragraph at lines 214--215
[][] 
 []

<../python_stuff/Part1/Reg_v_P0.pdf, id=132, 302.18993pt x 283.92322pt>
File: ../python_stuff/Part1/Reg_v_P0.pdf Graphic file (type pdf)

<use ../python_stuff/Part1/Reg_v_P0.pdf>
Package pdftex.def Info: ../python_stuff/Part1/Reg_v_P0.pdf used on input line 
218.
(pdftex.def)             Requested size: 257.46187pt x 241.89906pt.

Overfull \hbox (18.06749pt too wide) in paragraph at lines 218--219
[][] 
 []


Underfull \vbox (badness 10000) has occurred while \output is active []


("C:\Program Files\MiKTeX 2.9\tex\latex\listings\lstlang1.sty"
File: lstlang1.sty 2014/09/06 1.5e listings language file
)
("C:\Program Files\MiKTeX 2.9\tex\latex\listings\lstlang1.sty"
File: lstlang1.sty 2014/09/06 1.5e listings language file
)
("C:\Program Files\MiKTeX 2.9\tex\latex\listings\lstmisc.sty"
File: lstmisc.sty 2014/09/06 1.5e (Carsten Heinz)
)
(D:\Backup16GB\Spring2016\Propulsion\Project2\Code\cpp_stuff\DEFS.h
LaTeX Font Info:    Font shape `OT1/ptm/bx/n' in size <7> not available
(Font)              Font shape `OT1/ptm/b/n' tried instead on input line 1.
LaTeX Font Info:    Try loading font information for OML+ptm on input line 3.

("C:\Program Files\MiKTeX 2.9\tex\latex\psnfss\omlptm.fd"
File: omlptm.fd 
)
LaTeX Font Info:    Font shape `OML/ptm/m/n' in size <7> not available
(Font)              Font shape `OML/cmm/m/it' tried instead on input line 3.
)
(D:\Backup16GB\Spring2016\Propulsion\Project2\Code\cpp_stuff\Prandtl_Meyer.h
LaTeX Font Info:    Font shape `OT1/ptm/bx/n' in size <5> not available
(Font)              Font shape `OT1/ptm/b/n' tried instead on input line 1.
LaTeX Font Info:    Try loading font information for OMS+ptm on input line 2.

("C:\Program Files\MiKTeX 2.9\tex\latex\psnfss\omsptm.fd"
File: omsptm.fd 
)
LaTeX Font Info:    Font shape `OMS/ptm/m/n' in size <7> not available
(Font)              Font shape `OMS/cmsy/m/n' tried instead on input line 2.
 [8 <D:/Backup16GB/Spring2016/Propulsion/Project2/Code/python_stuff/Part2_flame
Temp/P0.png> <D:/Backup16GB/Spring2016/Propulsion/Project2/Code/python_stuff/Pa
rt1/Reg_v_P0.pdf>]
Underfull \vbox (badness 10000) has occurred while \output is active []

)
(D:\Backup16GB\Spring2016\Propulsion\Project2\Code\cpp_stuff\CylindricalPort.h)
(D:\Backup16GB\Spring2016\Propulsion\Project2\Code\cpp_stuff\RP.h)
(D:\Backup16GB\Spring2016\Propulsion\Project2\Code\cpp_stuff\Solver.h)
LaTeX Font Info:    Try loading font information for OT1+pcr on input line 248.


("C:\Program Files\MiKTeX 2.9\tex\latex\psnfss\ot1pcr.fd"
File: ot1pcr.fd 2001/06/04 font definitions for OT1/pcr.
)
(D:\Backup16GB\Spring2016\Propulsion\Project2\Code\cpp_stuff\Prandtl_Meyer.cpp
[9]
Underfull \vbox (badness 10000) has occurred while \output is active []

LaTeX Font Info:    Font shape `OML/ptm/m/it' in size <7> not available
(Font)              Font shape `OML/cmm/m/it' tried instead on input line 96.
LaTeX Font Info:    Font shape `OMS/ptm/m/it' in size <7> not available
(Font)              Font shape `OMS/cmsy/m/n' tried instead on input line 123.

Underfull \vbox (badness 10000) has occurred while \output is active []

 [10]
Underfull \vbox (badness 10000) has occurred while \output is active []

)
(D:\Backup16GB\Spring2016\Propulsion\Project2\Code\cpp_stuff\CylindricalPort.cp
p [11]) (D:\Backup16GB\Spring2016\Propulsion\Project2\Code\cpp_stuff\RP.cpp)
(D:\Backup16GB\Spring2016\Propulsion\Project2\Code\cpp_stuff\Solver.cpp
Underfull \vbox (badness 10000) has occurred while \output is active []

 [12])
(D:\Backup16GB\Spring2016\Propulsion\Project2\Code\cpp_stuff\Project2.cpp
Underfull \vbox (badness 10000) has occurred while \output is active []

 [13])
Package atveryend Info: Empty hook `BeforeClearDocument' on input line 260.

[14

]
Package atveryend Info: Empty hook `AfterLastShipout' on input line 260.
 (D:\Backup16GB\Spring2016\Propulsion\Project2\Code\Paper\Project2.aux)
Package atveryend Info: Executing hook `AtVeryEndDocument' on input line 260.
Package atveryend Info: Executing hook `AtEndAfterFileList' on input line 260.
Package rerunfilecheck Info: File `Project2.out' has not changed.
(rerunfilecheck)             Checksum: 9610B42D116DE38B6459E6D3225E75A6;470.
Package atveryend Info: Empty hook `AtVeryVeryEnd' on input line 260.
 ) 
Here is how much of TeX's memory you used:
 8508 strings out of 493921
 126188 string characters out of 3147282
 631764 words of memory out of 3000000
 10834 multiletter control sequences out of 15000+200000
 44478 words of font info for 91 fonts, out of 3000000 for 9000
 841 hyphenation exceptions out of 8191
 34i,11n,61p,730b,1763s stack positions out of 5000i,500n,10000p,200000b,50000s
{C:/Program Files/MiKTeX 2.9/fonts/enc/dvips/fontname/8r.enc}<C:/Program File
s/MiKTeX 2.9/fonts/type1/public/amsfonts/cm/cmex10.pfb><C:/Program Files/MiKTeX
 2.9/fonts/type1/public/amsfonts/cm/cmmi10.pfb><C:/Program Files/MiKTeX 2.9/fon
ts/type1/public/amsfonts/cm/cmmi7.pfb><C:/Program Files/MiKTeX 2.9/fonts/type1/
public/amsfonts/cm/cmr10.pfb><C:/Program Files/MiKTeX 2.9/fonts/type1/public/am
sfonts/cm/cmsy10.pfb><C:/Program Files/MiKTeX 2.9/fonts/type1/public/amsfonts/c
m/cmsy7.pfb><C:/Program Files/MiKTeX 2.9/fonts/type1/urw/courier/ucrr8a.pfb><C:
/Program Files/MiKTeX 2.9/fonts/type1/urw/helvetic/uhvb8a.pfb><C:/Program Files
/MiKTeX 2.9/fonts/type1/urw/helvetic/uhvr8a.pfb><C:/Program Files/MiKTeX 2.9/fo
nts/type1/urw/symbol/usyr.pfb><C:/Program Files/MiKTeX 2.9/fonts/type1/urw/time
s/utmb8a.pfb><C:/Program Files/MiKTeX 2.9/fonts/type1/urw/times/utmr8a.pfb><C:/
Program Files/MiKTeX 2.9/fonts/type1/urw/times/utmri8a.pfb>
Output written on Project2.pdf (14 pages, 1250359 bytes).
PDF statistics:
 1187 PDF objects out of 1200 (max. 8388607)
 812 named destinations out of 1000 (max. 500000)
 177 words of extra memory for PDF output out of 10000 (max. 10000000)

